c:\users\b017722n.student.003\documents\github\graphicsintro\firstgl\firstgl\debug\vc143.pdb
c:\users\b017722n.student.003\documents\github\graphicsintro\firstgl\firstgl\debug\vc143.idb
c:\users\b017722n.student.003\documents\github\graphicsintro\firstgl\firstgl\debug\hellogl.obj
c:\users\b017722n.student.003\documents\github\graphicsintro\firstgl\firstgl\debug\cube.obj
c:\users\b017722n.student.003\documents\github\graphicsintro\firstgl\firstgl\debug\main.obj
c:\users\b017722n.student.003\documents\github\graphicsintro\firstgl\firstgl\debug\glutcallbacks.obj
c:\users\b017722n.student.003\documents\github\graphicsintro\firstgl\firstgl\debug\objloader.obj
c:\users\b017722n.student.003\documents\github\graphicsintro\firstgl\firstgl\debug\cube.obj.enc
c:\users\b017722n.student.003\documents\github\graphicsintro\firstgl\debug\firstgl.pdb
c:\users\b017722n.student.003\documents\github\graphicsintro\firstgl\firstgl\debug\firstgl.tlog\cl.command.1.tlog
c:\users\b017722n.student.003\documents\github\graphicsintro\firstgl\firstgl\debug\firstgl.tlog\cl.items.tlog
c:\users\b017722n.student.003\documents\github\graphicsintro\firstgl\firstgl\debug\firstgl.tlog\cl.read.1.tlog
c:\users\b017722n.student.003\documents\github\graphicsintro\firstgl\firstgl\debug\firstgl.tlog\cl.write.1.tlog
c:\users\b017722n.student.003\documents\github\graphicsintro\firstgl\firstgl\debug\firstgl.tlog\link.3256-cvtres.read.1.tlog
c:\users\b017722n.student.003\documents\github\graphicsintro\firstgl\firstgl\debug\firstgl.tlog\link.3256-cvtres.write.1.tlog
c:\users\b017722n.student.003\documents\github\graphicsintro\firstgl\firstgl\debug\firstgl.tlog\link.3256-rc.read.1.tlog
c:\users\b017722n.student.003\documents\github\graphicsintro\firstgl\firstgl\debug\firstgl.tlog\link.3256-rc.write.1.tlog
c:\users\b017722n.student.003\documents\github\graphicsintro\firstgl\firstgl\debug\firstgl.tlog\link.3256.read.1.tlog
c:\users\b017722n.student.003\documents\github\graphicsintro\firstgl\firstgl\debug\firstgl.tlog\link.3256.write.1.tlog
c:\users\b017722n.student.003\documents\github\graphicsintro\firstgl\firstgl\debug\firstgl.tlog\link.command.1.tlog
c:\users\b017722n.student.003\documents\github\graphicsintro\firstgl\firstgl\debug\firstgl.tlog\link.read.1.tlog
c:\users\b017722n.student.003\documents\github\graphicsintro\firstgl\firstgl\debug\firstgl.tlog\link.write.1.tlog
