  GLUTCallbacks.cpp
  HelloGL.cpp
C:\Users\b017722n\Documents\GitHub\GraphicsIntro\firstGL\firstGL\HelloGL.cpp(46,18): warning C4305: 'argument': truncation from 'double' to 'GLfloat'
C:\Users\b017722n\Documents\GitHub\GraphicsIntro\firstGL\firstGL\HelloGL.cpp(47,19): warning C4305: 'argument': truncation from 'double' to 'GLfloat'
C:\Users\b017722n\Documents\GitHub\GraphicsIntro\firstGL\firstGL\HelloGL.cpp(47,14): warning C4305: 'argument': truncation from 'double' to 'GLfloat'
C:\Users\b017722n\Documents\GitHub\GraphicsIntro\firstGL\firstGL\HelloGL.cpp(48,20): warning C4305: 'argument': truncation from 'double' to 'GLfloat'
C:\Users\b017722n\Documents\GitHub\GraphicsIntro\firstGL\firstGL\HelloGL.cpp(48,14): warning C4305: 'argument': truncation from 'double' to 'GLfloat'
C:\Users\b017722n\Documents\GitHub\GraphicsIntro\firstGL\firstGL\HelloGL.cpp(60,21): warning C4305: 'argument': truncation from 'double' to 'GLfloat'
C:\Users\b017722n\Documents\GitHub\GraphicsIntro\firstGL\firstGL\HelloGL.cpp(60,15): warning C4305: 'argument': truncation from 'double' to 'GLfloat'
C:\Users\b017722n\Documents\GitHub\GraphicsIntro\firstGL\firstGL\HelloGL.cpp(61,20): warning C4305: 'argument': truncation from 'double' to 'GLfloat'
C:\Users\b017722n\Documents\GitHub\GraphicsIntro\firstGL\firstGL\HelloGL.cpp(61,14): warning C4305: 'argument': truncation from 'double' to 'GLfloat'
C:\Users\b017722n\Documents\GitHub\GraphicsIntro\firstGL\firstGL\HelloGL.cpp(71,18): warning C4305: 'argument': truncation from 'double' to 'GLfloat'
C:\Users\b017722n\Documents\GitHub\GraphicsIntro\firstGL\firstGL\HelloGL.cpp(72,20): warning C4305: 'argument': truncation from 'double' to 'GLfloat'
C:\Users\b017722n\Documents\GitHub\GraphicsIntro\firstGL\firstGL\HelloGL.cpp(73,19): warning C4305: 'argument': truncation from 'double' to 'GLfloat'
C:\Users\b017722n\Documents\GitHub\GraphicsIntro\firstGL\firstGL\HelloGL.cpp(95,15): warning C4305: 'argument': truncation from 'double' to 'GLfloat'
C:\Users\b017722n\Documents\GitHub\GraphicsIntro\firstGL\firstGL\HelloGL.cpp(96,21): warning C4305: 'argument': truncation from 'double' to 'GLfloat'
C:\Users\b017722n\Documents\GitHub\GraphicsIntro\firstGL\firstGL\HelloGL.cpp(96,15): warning C4305: 'argument': truncation from 'double' to 'GLfloat'
C:\Users\b017722n\Documents\GitHub\GraphicsIntro\firstGL\firstGL\HelloGL.cpp(97,20): warning C4305: 'argument': truncation from 'double' to 'GLfloat'
C:\Users\b017722n\Documents\GitHub\GraphicsIntro\firstGL\firstGL\HelloGL.cpp(97,14): warning C4305: 'argument': truncation from 'double' to 'GLfloat'
  main.cpp
  Generating Code...
  firstGL.vcxproj -> C:\Users\b017722n\Documents\GitHub\GraphicsIntro\firstGL\Debug\firstGL.exe
